Determining if the pthread_create exist failed with the following output:
Change Dir: /home/pi/FRCPi/mjpg-streamer/mjpg-streamer-experimental/_build/CMakeFiles/CMakeTmp

Run Build Command:"/usr/bin/make" "cmTC_7b9db/fast"
make[1]: Entering directory '/home/pi/FRCPi/mjpg-streamer/mjpg-streamer-experimental/_build/CMakeFiles/CMakeTmp'
/usr/bin/make -f CMakeFiles/cmTC_7b9db.dir/build.make CMakeFiles/cmTC_7b9db.dir/build
make[2]: Entering directory '/home/pi/FRCPi/mjpg-streamer/mjpg-streamer-experimental/_build/CMakeFiles/CMakeTmp'
Building C object CMakeFiles/cmTC_7b9db.dir/CheckSymbolExists.c.o
/usr/bin/cc     -o CMakeFiles/cmTC_7b9db.dir/CheckSymbolExists.c.o   -c /home/pi/FRCPi/mjpg-streamer/mjpg-streamer-experimental/_build/CMakeFiles/CMakeTmp/CheckSymbolExists.c
Linking C executable cmTC_7b9db
/usr/bin/cmake -E cmake_link_script CMakeFiles/cmTC_7b9db.dir/link.txt --verbose=1
/usr/bin/cc       CMakeFiles/cmTC_7b9db.dir/CheckSymbolExists.c.o  -o cmTC_7b9db -rdynamic 
CMakeFiles/cmTC_7b9db.dir/CheckSymbolExists.c.o: In function `main':
CheckSymbolExists.c:(.text+0x38): undefined reference to `pthread_create'
collect2: error: ld returned 1 exit status
CMakeFiles/cmTC_7b9db.dir/build.make:97: recipe for target 'cmTC_7b9db' failed
make[2]: *** [cmTC_7b9db] Error 1
make[2]: Leaving directory '/home/pi/FRCPi/mjpg-streamer/mjpg-streamer-experimental/_build/CMakeFiles/CMakeTmp'
Makefile:126: recipe for target 'cmTC_7b9db/fast' failed
make[1]: *** [cmTC_7b9db/fast] Error 2
make[1]: Leaving directory '/home/pi/FRCPi/mjpg-streamer/mjpg-streamer-experimental/_build/CMakeFiles/CMakeTmp'

File /home/pi/FRCPi/mjpg-streamer/mjpg-streamer-experimental/_build/CMakeFiles/CMakeTmp/CheckSymbolExists.c:
/* */
#include <pthread.h>

int main(int argc, char** argv)
{
  (void)argv;
#ifndef pthread_create
  return ((int*)(&pthread_create))[argc];
#else
  (void)argc;
  return 0;
#endif
}

Determining if the function pthread_create exists in the pthreads failed with the following output:
Change Dir: /home/pi/FRCPi/mjpg-streamer/mjpg-streamer-experimental/_build/CMakeFiles/CMakeTmp

Run Build Command:"/usr/bin/make" "cmTC_6f4ac/fast"
make[1]: Entering directory '/home/pi/FRCPi/mjpg-streamer/mjpg-streamer-experimental/_build/CMakeFiles/CMakeTmp'
/usr/bin/make -f CMakeFiles/cmTC_6f4ac.dir/build.make CMakeFiles/cmTC_6f4ac.dir/build
make[2]: Entering directory '/home/pi/FRCPi/mjpg-streamer/mjpg-streamer-experimental/_build/CMakeFiles/CMakeTmp'
Building C object CMakeFiles/cmTC_6f4ac.dir/CheckFunctionExists.c.o
/usr/bin/cc    -DCHECK_FUNCTION_EXISTS=pthread_create   -o CMakeFiles/cmTC_6f4ac.dir/CheckFunctionExists.c.o   -c /usr/share/cmake-3.7/Modules/CheckFunctionExists.c
Linking C executable cmTC_6f4ac
/usr/bin/cmake -E cmake_link_script CMakeFiles/cmTC_6f4ac.dir/link.txt --verbose=1
/usr/bin/cc   -DCHECK_FUNCTION_EXISTS=pthread_create    CMakeFiles/cmTC_6f4ac.dir/CheckFunctionExists.c.o  -o cmTC_6f4ac -rdynamic -lpthreads 
/usr/bin/ld: cannot find -lpthreads
collect2: error: ld returned 1 exit status
CMakeFiles/cmTC_6f4ac.dir/build.make:97: recipe for target 'cmTC_6f4ac' failed
make[2]: *** [cmTC_6f4ac] Error 1
make[2]: Leaving directory '/home/pi/FRCPi/mjpg-streamer/mjpg-streamer-experimental/_build/CMakeFiles/CMakeTmp'
Makefile:126: recipe for target 'cmTC_6f4ac/fast' failed
make[1]: *** [cmTC_6f4ac/fast] Error 2
make[1]: Leaving directory '/home/pi/FRCPi/mjpg-streamer/mjpg-streamer-experimental/_build/CMakeFiles/CMakeTmp'


